The C compiler identification could not be found in "C:/Users/danil/Desktop/NumberNet/NetJet/cmake-build-debug/CMakeFiles/3.8.2/CompilerIdC/a.exe"

Compiling the CXX compiler identification source file "CMakeCXXCompilerId.cpp" failed.
Compiler: g++.exe 
Build flags: 
Id flags:  

The output was:
Не удается найти указанный файл


Compiling the CXX compiler identification source file "CMakeCXXCompilerId.cpp" failed.
Compiler: g++.exe 
Build flags: 
Id flags: -c 

The output was:
Не удается найти указанный файл


Checking whether the CXX compiler is IAR using "" did not match "IAR .+ Compiler":
Compiling the CXX compiler identification source file "CMakeCXXCompilerId.cpp" failed.
Compiler: g++.exe 
Build flags: 
Id flags:  

The output was:
Не удается найти указанный файл


Compiling the CXX compiler identification source file "CMakeCXXCompilerId.cpp" failed.
Compiler: g++.exe 
Build flags: 
Id flags: -c 

The output was:
Не удается найти указанный файл


Checking whether the CXX compiler is IAR using "" did not match "IAR .+ Compiler":
Compiling the CXX compiler identification source file "CMakeCXXCompilerId.cpp" failed.
Compiler: g++.exe 
Build flags: 
Id flags:  

The output was:
Не удается найти указанный файл


Compiling the CXX compiler identification source file "CMakeCXXCompilerId.cpp" failed.
Compiler: g++.exe 
Build flags: 
Id flags: -c 

The output was:
Не удается найти указанный файл


Checking whether the CXX compiler is IAR using "" did not match "IAR .+ Compiler":
